  main.cpp
C:\Users\luri_\OneDrive\デスクトップ\夏休みゲーム\main.cpp(233,58): warning C4244: '初期化中': 'double' から 'int' への変換です。データが失われる可能性があります。
C:\Users\luri_\OneDrive\デスクトップ\夏休みゲーム\main.cpp(233,30): warning C4244: '初期化中': 'double' から 'const int' への変換です。データが失われる可能性があります。
C:\Users\luri_\OneDrive\デスクトップ\夏休みゲーム\main.cpp(236,46): warning C4244: '初期化中': 'double' から 'int' への変換です。データが失われる可能性があります。
C:\Users\luri_\OneDrive\デスクトップ\夏休みゲーム\main.cpp(236,19): warning C4244: '初期化中': 'double' から 'const int' への変換です。データが失われる可能性があります。
C:\Users\luri_\OneDrive\デスクトップ\夏休みゲーム\main.cpp(237,53): warning C4244: '初期化中': 'double' から 'int' への変換です。データが失われる可能性があります。
C:\Users\luri_\OneDrive\デスクトップ\夏休みゲーム\main.cpp(237,24): warning C4244: '初期化中': 'double' から 'const int' への変換です。データが失われる可能性があります。
C:\Users\luri_\OneDrive\デスクトップ\夏休みゲーム\main.cpp(241,62): warning C4244: '初期化中': 'double' から 'int' への変換です。データが失われる可能性があります。
C:\Users\luri_\OneDrive\デスクトップ\夏休みゲーム\main.cpp(241,29): warning C4244: '初期化中': 'double' から 'const int' への変換です。データが失われる可能性があります。
C:\Users\luri_\OneDrive\デスクトップ\夏休みゲーム\main.cpp(242,62): warning C4244: '初期化中': 'double' から 'int' への変換です。データが失われる可能性があります。
C:\Users\luri_\OneDrive\デスクトップ\夏休みゲーム\main.cpp(242,29): warning C4244: '初期化中': 'double' から 'const int' への変換です。データが失われる可能性があります。
C:\Users\luri_\OneDrive\デスクトップ\夏休みゲーム\main.cpp(243,62): warning C4244: '初期化中': 'double' から 'int' への変換です。データが失われる可能性があります。
C:\Users\luri_\OneDrive\デスクトップ\夏休みゲーム\main.cpp(243,29): warning C4244: '初期化中': 'double' から 'const int' への変換です。データが失われる可能性があります。
C:\Users\luri_\OneDrive\デスクトップ\夏休みゲーム\main.cpp(628,30): warning C4244: '=': 'double' から 'int' への変換です。データが失われる可能性があります。
C:\Users\luri_\OneDrive\デスクトップ\夏休みゲーム\main.cpp(629,30): warning C4244: '=': 'double' から 'int' への変換です。データが失われる可能性があります。
C:\Users\luri_\OneDrive\デスクトップ\夏休みゲーム\main.cpp(671,41): warning C4244: '=': 'double' から 'int' への変換です。データが失われる可能性があります。
C:\Users\luri_\OneDrive\デスクトップ\夏休みゲーム\main.cpp(672,41): warning C4244: '=': 'double' から 'int' への変換です。データが失われる可能性があります。
C:\Users\luri_\OneDrive\デスクトップ\夏休みゲーム\main.cpp(692,41): warning C4244: '=': 'double' から 'int' への変換です。データが失われる可能性があります。
C:\Users\luri_\OneDrive\デスクトップ\夏休みゲーム\main.cpp(693,41): warning C4244: '=': 'double' から 'int' への変換です。データが失われる可能性があります。
C:\Users\luri_\OneDrive\デスクトップ\夏休みゲーム\main.cpp(727,62): warning C4244: '=': 'double' から 'int' への変換です。データが失われる可能性があります。
C:\Users\luri_\OneDrive\デスクトップ\夏休みゲーム\main.cpp(728,62): warning C4244: '=': 'double' から 'int' への変換です。データが失われる可能性があります。
C:\Users\luri_\OneDrive\デスクトップ\夏休みゲーム\main.cpp(825,59): warning C4244: '=': 'double' から 'int' への変換です。データが失われる可能性があります。
C:\Users\luri_\OneDrive\デスクトップ\夏休みゲーム\main.cpp(826,59): warning C4244: '=': 'double' から 'int' への変換です。データが失われる可能性があります。
C:\Users\luri_\OneDrive\デスクトップ\夏休みゲーム\main.cpp(837,59): warning C4244: '=': 'double' から 'int' への変換です。データが失われる可能性があります。
C:\Users\luri_\OneDrive\デスクトップ\夏休みゲーム\main.cpp(838,59): warning C4244: '=': 'double' から 'int' への変換です。データが失われる可能性があります。
C:\Users\luri_\OneDrive\デスクトップ\夏休みゲーム\main.cpp(849,59): warning C4244: '=': 'double' から 'int' への変換です。データが失われる可能性があります。
C:\Users\luri_\OneDrive\デスクトップ\夏休みゲーム\main.cpp(850,59): warning C4244: '=': 'double' から 'int' への変換です。データが失われる可能性があります。
C:\Users\luri_\OneDrive\デスクトップ\夏休みゲーム\main.cpp(951,38): warning C4244: '=': 'double' から 'int' への変換です。データが失われる可能性があります。
C:\Users\luri_\OneDrive\デスクトップ\夏休みゲーム\main.cpp(952,38): warning C4244: '=': 'double' から 'int' への変換です。データが失われる可能性があります。
C:\Users\luri_\OneDrive\デスクトップ\夏休みゲーム\main.cpp(961,66): warning C4244: '=': 'double' から 'int' への変換です。データが失われる可能性があります。
C:\Users\luri_\OneDrive\デスクトップ\夏休みゲーム\main.cpp(962,66): warning C4244: '=': 'double' から 'int' への変換です。データが失われる可能性があります。
C:\Users\luri_\OneDrive\デスクトップ\夏休みゲーム\main.cpp(982,57): warning C4244: '=': 'double' から 'int' への変換です。データが失われる可能性があります。
C:\Users\luri_\OneDrive\デスクトップ\夏休みゲーム\main.cpp(983,57): warning C4244: '=': 'double' から 'int' への変換です。データが失われる可能性があります。
C:\Users\luri_\OneDrive\デスクトップ\夏休みゲーム\main.cpp(1111,56): warning C4244: '引数': 'double' から 'int' への変換です。データが失われる可能性があります。
C:\Users\luri_\OneDrive\デスクトップ\夏休みゲーム\main.cpp(1111,29): warning C4244: '引数': 'double' から 'int' への変換です。データが失われる可能性があります。
C:\Users\luri_\OneDrive\デスクトップ\夏休みゲーム\main.cpp(1116,56): warning C4244: '引数': 'double' から 'int' への変換です。データが失われる可能性があります。
C:\Users\luri_\OneDrive\デスクトップ\夏休みゲーム\main.cpp(1116,29): warning C4244: '引数': 'double' から 'int' への変換です。データが失われる可能性があります。
C:\Users\luri_\OneDrive\デスクトップ\夏休みゲーム\main.cpp(1162,59): warning C4244: '引数': 'double' から 'int' への変換です。データが失われる可能性があります。
C:\Users\luri_\OneDrive\デスクトップ\夏休みゲーム\main.cpp(1162,31): warning C4244: '引数': 'double' から 'int' への変換です。データが失われる可能性があります。
C:\Users\luri_\OneDrive\デスクトップ\夏休みゲーム\main.cpp(1173,65): warning C4244: '引数': 'double' から 'int' への変換です。データが失われる可能性があります。
C:\Users\luri_\OneDrive\デスクトップ\夏休みゲーム\main.cpp(1173,34): warning C4244: '引数': 'double' から 'int' への変換です。データが失われる可能性があります。
C:\Users\luri_\OneDrive\デスクトップ\夏休みゲーム\main.cpp(539,20): warning C4390: ';': 制御が空の文が見つかりました。意図した記述でしょうか?
  夏休みゲーム.vcxproj -> C:\Users\luri_\OneDrive\デスクトップ\夏休みゲーム\Debug\夏休みゲーム.exe
