  main.cpp
C:\Users\luri_\OneDrive\デスクトップ\asasas\struct.h(24,2): warning C4091: 'typedef ': 変数が何も宣言されていないときは、'square' の左辺を無視します。
C:\Users\luri_\OneDrive\デスクトップ\asasas\main.cpp(505,64): warning C4244: '=': 'float' から 'int' への変換です。データが失われる可能性があります。
C:\Users\luri_\OneDrive\デスクトップ\asasas\main.cpp(506,82): warning C4244: '=': 'float' から 'int' への変換です。データが失われる可能性があります。
C:\Users\luri_\OneDrive\デスクトップ\asasas\main.cpp(508,69): warning C4244: '=': 'float' から 'int' への変換です。データが失われる可能性があります。
C:\Users\luri_\OneDrive\デスクトップ\asasas\main.cpp(509,83): warning C4244: '=': 'float' から 'int' への変換です。データが失われる可能性があります。
C:\Users\luri_\OneDrive\デスクトップ\asasas\main.cpp(514,76): warning C4244: '=': 'float' から 'int' への変換です。データが失われる可能性があります。
C:\Users\luri_\OneDrive\デスクトップ\asasas\main.cpp(515,76): warning C4244: '=': 'float' から 'int' への変換です。データが失われる可能性があります。
C:\Users\luri_\OneDrive\デスクトップ\asasas\main.cpp(516,79): warning C4244: '=': 'float' から 'int' への変換です。データが失われる可能性があります。
C:\Users\luri_\OneDrive\デスクトップ\asasas\main.cpp(517,84): warning C4244: '=': 'float' から 'int' への変換です。データが失われる可能性があります。
C:\Users\luri_\OneDrive\デスクトップ\asasas\main.cpp(521,41): warning C4244: '=': 'int' から 'float' への変換です。データが失われる可能性があります。
C:\Users\luri_\OneDrive\デスクトップ\asasas\main.cpp(522,41): warning C4244: '=': 'int' から 'float' への変換です。データが失われる可能性があります。
C:\Users\luri_\OneDrive\デスクトップ\asasas\main.cpp(530,30): warning C4244: '=': 'int' から 'float' への変換です。データが失われる可能性があります。
C:\Users\luri_\OneDrive\デスクトップ\asasas\main.cpp(538,30): warning C4244: '=': 'int' から 'float' への変換です。データが失われる可能性があります。
C:\Users\luri_\OneDrive\デスクトップ\asasas\main.cpp(548,28): warning C4244: '=': 'int' から 'float' への変換です。データが失われる可能性があります。
C:\Users\luri_\OneDrive\デスクトップ\asasas\main.cpp(555,81): warning C4244: '=': 'float' から 'int' への変換です。データが失われる可能性があります。
C:\Users\luri_\OneDrive\デスクトップ\asasas\main.cpp(556,77): warning C4244: '=': 'float' から 'int' への変換です。データが失われる可能性があります。
C:\Users\luri_\OneDrive\デスクトップ\asasas\main.cpp(557,84): warning C4244: '=': 'float' から 'int' への変換です。データが失われる可能性があります。
C:\Users\luri_\OneDrive\デスクトップ\asasas\main.cpp(558,79): warning C4244: '=': 'float' から 'int' への変換です。データが失われる可能性があります。
C:\Users\luri_\OneDrive\デスクトップ\asasas\main.cpp(562,41): warning C4244: '=': 'int' から 'float' への変換です。データが失われる可能性があります。
C:\Users\luri_\OneDrive\デスクトップ\asasas\main.cpp(563,41): warning C4244: '=': 'int' から 'float' への変換です。データが失われる可能性があります。
C:\Users\luri_\OneDrive\デスクトップ\asasas\main.cpp(570,30): warning C4244: '=': 'int' から 'float' への変換です。データが失われる可能性があります。
C:\Users\luri_\OneDrive\デスクトップ\asasas\main.cpp(577,30): warning C4244: '=': 'int' から 'float' への変換です。データが失われる可能性があります。
C:\Users\luri_\OneDrive\デスクトップ\asasas\main.cpp(586,76): warning C4244: '=': 'float' から 'int' への変換です。データが失われる可能性があります。
C:\Users\luri_\OneDrive\デスクトップ\asasas\main.cpp(587,62): warning C4244: '=': 'float' から 'int' への変換です。データが失われる可能性があります。
C:\Users\luri_\OneDrive\デスクトップ\asasas\main.cpp(589,79): warning C4244: '=': 'float' から 'int' への変換です。データが失われる可能性があります。
C:\Users\luri_\OneDrive\デスクトップ\asasas\main.cpp(590,69): warning C4244: '=': 'float' から 'int' への変換です。データが失われる可能性があります。
C:\Users\luri_\OneDrive\デスクトップ\asasas\main.cpp(594,28): warning C4244: '=': 'int' から 'float' への変換です。データが失われる可能性があります。
C:\Users\luri_\OneDrive\デスクトップ\asasas\main.cpp(598,28): warning C4244: '=': 'int' から 'float' への変換です。データが失われる可能性があります。
C:\Users\luri_\OneDrive\デスクトップ\asasas\main.cpp(602,28): warning C4244: '=': 'int' から 'float' への変換です。データが失われる可能性があります。
C:\Users\luri_\OneDrive\デスクトップ\asasas\main.cpp(616,80): warning C4244: '=': 'float' から 'int' への変換です。データが失われる可能性があります。
C:\Users\luri_\OneDrive\デスクトップ\asasas\main.cpp(617,62): warning C4244: '=': 'float' から 'int' への変換です。データが失われる可能性があります。
C:\Users\luri_\OneDrive\デスクトップ\asasas\main.cpp(619,83): warning C4244: '=': 'float' から 'int' への変換です。データが失われる可能性があります。
C:\Users\luri_\OneDrive\デスクトップ\asasas\main.cpp(620,69): warning C4244: '=': 'float' から 'int' への変換です。データが失われる可能性があります。
C:\Users\luri_\OneDrive\デスクトップ\asasas\main.cpp(624,27): warning C4244: '=': 'int' から 'float' への変換です。データが失われる可能性があります。
C:\Users\luri_\OneDrive\デスクトップ\asasas\main.cpp(628,27): warning C4244: '=': 'int' から 'float' への変換です。データが失われる可能性があります。
C:\Users\luri_\OneDrive\デスクトップ\asasas\main.cpp(632,27): warning C4244: '=': 'int' から 'float' への変換です。データが失われる可能性があります。
C:\Users\luri_\OneDrive\デスクトップ\asasas\main.cpp(663,64): warning C4244: '=': 'float' から 'int' への変換です。データが失われる可能性があります。
C:\Users\luri_\OneDrive\デスクトップ\asasas\main.cpp(664,82): warning C4244: '=': 'float' から 'int' への変換です。データが失われる可能性があります。
C:\Users\luri_\OneDrive\デスクトップ\asasas\main.cpp(666,69): warning C4244: '=': 'float' から 'int' への変換です。データが失われる可能性があります。
C:\Users\luri_\OneDrive\デスクトップ\asasas\main.cpp(667,83): warning C4244: '=': 'float' から 'int' への変換です。データが失われる可能性があります。
C:\Users\luri_\OneDrive\デスクトップ\asasas\main.cpp(678,28): warning C4244: '=': 'int' から 'float' への変換です。データが失われる可能性があります。
C:\Users\luri_\OneDrive\デスクトップ\asasas\main.cpp(685,81): warning C4244: '=': 'float' から 'int' への変換です。データが失われる可能性があります。
C:\Users\luri_\OneDrive\デスクトップ\asasas\main.cpp(686,77): warning C4244: '=': 'float' から 'int' への変換です。データが失われる可能性があります。
C:\Users\luri_\OneDrive\デスクトップ\asasas\main.cpp(687,84): warning C4244: '=': 'float' から 'int' への変換です。データが失われる可能性があります。
C:\Users\luri_\OneDrive\デスクトップ\asasas\main.cpp(688,79): warning C4244: '=': 'float' から 'int' への変換です。データが失われる可能性があります。
C:\Users\luri_\OneDrive\デスクトップ\asasas\main.cpp(692,41): warning C4244: '=': 'int' から 'float' への変換です。データが失われる可能性があります。
C:\Users\luri_\OneDrive\デスクトップ\asasas\main.cpp(693,41): warning C4244: '=': 'int' から 'float' への変換です。データが失われる可能性があります。
C:\Users\luri_\OneDrive\デスクトップ\asasas\main.cpp(700,30): warning C4244: '=': 'int' から 'float' への変換です。データが失われる可能性があります。
C:\Users\luri_\OneDrive\デスクトップ\asasas\main.cpp(707,30): warning C4244: '=': 'int' から 'float' への変換です。データが失われる可能性があります。
C:\Users\luri_\OneDrive\デスクトップ\asasas\main.cpp(716,80): warning C4244: '=': 'float' から 'int' への変換です。データが失われる可能性があります。
C:\Users\luri_\OneDrive\デスクトップ\asasas\main.cpp(717,62): warning C4244: '=': 'float' から 'int' への変換です。データが失われる可能性があります。
C:\Users\luri_\OneDrive\デスクトップ\asasas\main.cpp(719,83): warning C4244: '=': 'float' から 'int' への変換です。データが失われる可能性があります。
C:\Users\luri_\OneDrive\デスクトップ\asasas\main.cpp(720,69): warning C4244: '=': 'float' から 'int' への変換です。データが失われる可能性があります。
C:\Users\luri_\OneDrive\デスクトップ\asasas\main.cpp(724,27): warning C4244: '=': 'int' から 'float' への変換です。データが失われる可能性があります。
C:\Users\luri_\OneDrive\デスクトップ\asasas\main.cpp(728,27): warning C4244: '=': 'int' から 'float' への変換です。データが失われる可能性があります。
C:\Users\luri_\OneDrive\デスクトップ\asasas\main.cpp(732,27): warning C4244: '=': 'int' から 'float' への変換です。データが失われる可能性があります。
C:\Users\luri_\OneDrive\デスクトップ\asasas\main.cpp(766,73): warning C4244: '=': 'float' から 'int' への変換です。データが失われる可能性があります。
C:\Users\luri_\OneDrive\デスクトップ\asasas\main.cpp(767,59): warning C4244: '=': 'float' から 'int' への変換です。データが失われる可能性があります。
C:\Users\luri_\OneDrive\デスクトップ\asasas\main.cpp(769,76): warning C4244: '=': 'float' から 'int' への変換です。データが失われる可能性があります。
C:\Users\luri_\OneDrive\デスクトップ\asasas\main.cpp(770,66): warning C4244: '=': 'float' から 'int' への変換です。データが失われる可能性があります。
C:\Users\luri_\OneDrive\デスクトップ\asasas\main.cpp(774,26): warning C4244: '=': 'int' から 'float' への変換です。データが失われる可能性があります。
C:\Users\luri_\OneDrive\デスクトップ\asasas\main.cpp(779,26): warning C4244: '=': 'int' から 'float' への変換です。データが失われる可能性があります。
C:\Users\luri_\OneDrive\デスクトップ\asasas\main.cpp(783,26): warning C4244: '=': 'int' から 'float' への変換です。データが失われる可能性があります。
C:\Users\luri_\OneDrive\デスクトップ\asasas\main.cpp(833,65): warning C4244: '=': 'float' から 'int' への変換です。データが失われる可能性があります。
C:\Users\luri_\OneDrive\デスクトップ\asasas\main.cpp(834,61): warning C4244: '=': 'float' から 'int' への変換です。データが失われる可能性があります。
C:\Users\luri_\OneDrive\デスクトップ\asasas\main.cpp(836,68): warning C4244: '=': 'float' から 'int' への変換です。データが失われる可能性があります。
C:\Users\luri_\OneDrive\デスクトップ\asasas\main.cpp(837,68): warning C4244: '=': 'float' から 'int' への変換です。データが失われる可能性があります。
C:\Users\luri_\OneDrive\デスクトップ\asasas\main.cpp(840,60): warning C4244: '=': 'float' から 'int' への変換です。データが失われる可能性があります。
C:\Users\luri_\OneDrive\デスクトップ\asasas\main.cpp(841,60): warning C4244: '=': 'float' から 'int' への変換です。データが失われる可能性があります。
C:\Users\luri_\OneDrive\デスクトップ\asasas\main.cpp(843,64): warning C4244: '=': 'float' から 'int' への変換です。データが失われる可能性があります。
C:\Users\luri_\OneDrive\デスクトップ\asasas\main.cpp(844,67): warning C4244: '=': 'float' から 'int' への変換です。データが失われる可能性があります。
C:\Users\luri_\OneDrive\デスクトップ\asasas\main.cpp(852,73): warning C4244: '=': 'int' から 'float' への変換です。データが失われる可能性があります。
C:\Users\luri_\OneDrive\デスクトップ\asasas\main.cpp(862,62): warning C4244: '=': 'int' から 'float' への変換です。データが失われる可能性があります。
C:\Users\luri_\OneDrive\デスクトップ\asasas\main.cpp(931,73): warning C4244: '=': 'int' から 'float' への変換です。データが失われる可能性があります。
C:\Users\luri_\OneDrive\デスクトップ\asasas\main.cpp(935,64): warning C4244: '=': 'int' から 'float' への変換です。データが失われる可能性があります。
C:\Users\luri_\OneDrive\デスクトップ\asasas\main.cpp(938,65): warning C4244: '=': 'float' から 'int' への変換です。データが失われる可能性があります。
C:\Users\luri_\OneDrive\デスクトップ\asasas\main.cpp(939,65): warning C4244: '=': 'float' から 'int' への変換です。データが失われる可能性があります。
C:\Users\luri_\OneDrive\デスクトップ\asasas\main.cpp(942,63): warning C4244: '=': 'float' から 'int' への変換です。データが失われる可能性があります。
C:\Users\luri_\OneDrive\デスクトップ\asasas\main.cpp(943,64): warning C4244: '=': 'float' から 'int' への変換です。データが失われる可能性があります。
C:\Users\luri_\OneDrive\デスクトップ\asasas\main.cpp(946,63): warning C4244: '=': 'float' から 'int' への変換です。データが失われる可能性があります。
C:\Users\luri_\OneDrive\デスクトップ\asasas\main.cpp(947,63): warning C4244: '=': 'float' から 'int' への変換です。データが失われる可能性があります。
C:\Users\luri_\OneDrive\デスクトップ\asasas\main.cpp(950,61): warning C4244: '=': 'float' から 'int' への変換です。データが失われる可能性があります。
C:\Users\luri_\OneDrive\デスクトップ\asasas\main.cpp(951,62): warning C4244: '=': 'float' から 'int' への変換です。データが失われる可能性があります。
C:\Users\luri_\OneDrive\デスクトップ\asasas\main.cpp(973,61): warning C4244: '=': 'float' から 'int' への変換です。データが失われる可能性があります。
C:\Users\luri_\OneDrive\デスクトップ\asasas\main.cpp(974,61): warning C4244: '=': 'float' から 'int' への変換です。データが失われる可能性があります。
C:\Users\luri_\OneDrive\デスクトップ\asasas\main.cpp(976,64): warning C4244: '=': 'float' から 'int' への変換です。データが失われる可能性があります。
C:\Users\luri_\OneDrive\デスクトップ\asasas\main.cpp(977,64): warning C4244: '=': 'float' から 'int' への変換です。データが失われる可能性があります。
C:\Users\luri_\OneDrive\デスクトップ\asasas\main.cpp(979,60): warning C4244: '=': 'float' から 'int' への変換です。データが失われる可能性があります。
C:\Users\luri_\OneDrive\デスクトップ\asasas\main.cpp(980,60): warning C4244: '=': 'float' から 'int' への変換です。データが失われる可能性があります。
C:\Users\luri_\OneDrive\デスクトップ\asasas\main.cpp(982,63): warning C4244: '=': 'float' から 'int' への変換です。データが失われる可能性があります。
C:\Users\luri_\OneDrive\デスクトップ\asasas\main.cpp(983,63): warning C4244: '=': 'float' から 'int' への変換です。データが失われる可能性があります。
C:\Users\luri_\OneDrive\デスクトップ\asasas\main.cpp(987,62): warning C4244: '=': 'float' から 'int' への変換です。データが失われる可能性があります。
C:\Users\luri_\OneDrive\デスクトップ\asasas\main.cpp(988,59): warning C4244: '=': 'float' から 'int' への変換です。データが失われる可能性があります。
C:\Users\luri_\OneDrive\デスクトップ\asasas\main.cpp(990,65): warning C4244: '=': 'float' から 'int' への変換です。データが失われる可能性があります。
C:\Users\luri_\OneDrive\デスクトップ\asasas\main.cpp(991,65): warning C4244: '=': 'float' から 'int' への変換です。データが失われる可能性があります。
C:\Users\luri_\OneDrive\デスクトップ\asasas\main.cpp(993,58): warning C4244: '=': 'float' から 'int' への変換です。データが失われる可能性があります。
C:\Users\luri_\OneDrive\デスクトップ\asasas\main.cpp(994,58): warning C4244: '=': 'float' から 'int' への変換です。データが失われる可能性があります。
C:\Users\luri_\OneDrive\デスクトップ\asasas\main.cpp(996,61): warning C4244: '=': 'float' から 'int' への変換です。データが失われる可能性があります。
C:\Users\luri_\OneDrive\デスクトップ\asasas\main.cpp(997,64): warning C4244: '=': 'float' から 'int' への変換です。データが失われる可能性があります。
C:\Users\luri_\OneDrive\デスクトップ\asasas\main.cpp(1005,73): warning C4244: '=': 'int' から 'float' への変換です。データが失われる可能性があります。
C:\Users\luri_\OneDrive\デスクトップ\asasas\main.cpp(1014,62): warning C4244: '=': 'int' から 'float' への変換です。データが失われる可能性があります。
C:\Users\luri_\OneDrive\デスクトップ\asasas\main.cpp(1099,64): warning C4244: '=': 'int' から 'float' への変換です。データが失われる可能性があります。
C:\Users\luri_\OneDrive\デスクトップ\asasas\main.cpp(1113,64): warning C4244: '=': 'float' から 'int' への変換です。データが失われる可能性があります。
C:\Users\luri_\OneDrive\デスクトップ\asasas\main.cpp(1114,61): warning C4244: '=': 'float' から 'int' への変換です。データが失われる可能性があります。
C:\Users\luri_\OneDrive\デスクトップ\asasas\main.cpp(1116,67): warning C4244: '=': 'float' から 'int' への変換です。データが失われる可能性があります。
C:\Users\luri_\OneDrive\デスクトップ\asasas\main.cpp(1117,67): warning C4244: '=': 'float' から 'int' への変換です。データが失われる可能性があります。
C:\Users\luri_\OneDrive\デスクトップ\asasas\main.cpp(1119,60): warning C4244: '=': 'float' から 'int' への変換です。データが失われる可能性があります。
C:\Users\luri_\OneDrive\デスクトップ\asasas\main.cpp(1120,60): warning C4244: '=': 'float' から 'int' への変換です。データが失われる可能性があります。
C:\Users\luri_\OneDrive\デスクトップ\asasas\main.cpp(1122,63): warning C4244: '=': 'float' から 'int' への変換です。データが失われる可能性があります。
C:\Users\luri_\OneDrive\デスクトップ\asasas\main.cpp(1123,66): warning C4244: '=': 'float' から 'int' への変換です。データが失われる可能性があります。
C:\Users\luri_\OneDrive\デスクトップ\asasas\main.cpp(1126,63): warning C4244: '=': 'float' から 'int' への変換です。データが失われる可能性があります。
C:\Users\luri_\OneDrive\デスクトップ\asasas\main.cpp(1127,59): warning C4244: '=': 'float' から 'int' への変換です。データが失われる可能性があります。
C:\Users\luri_\OneDrive\デスクトップ\asasas\main.cpp(1129,66): warning C4244: '=': 'float' から 'int' への変換です。データが失われる可能性があります。
C:\Users\luri_\OneDrive\デスクトップ\asasas\main.cpp(1130,66): warning C4244: '=': 'float' から 'int' への変換です。データが失われる可能性があります。
C:\Users\luri_\OneDrive\デスクトップ\asasas\main.cpp(1132,58): warning C4244: '=': 'float' から 'int' への変換です。データが失われる可能性があります。
C:\Users\luri_\OneDrive\デスクトップ\asasas\main.cpp(1133,58): warning C4244: '=': 'float' から 'int' への変換です。データが失われる可能性があります。
C:\Users\luri_\OneDrive\デスクトップ\asasas\main.cpp(1135,61): warning C4244: '=': 'float' から 'int' への変換です。データが失われる可能性があります。
C:\Users\luri_\OneDrive\デスクトップ\asasas\main.cpp(1136,65): warning C4244: '=': 'float' から 'int' への変換です。データが失われる可能性があります。
C:\Users\luri_\OneDrive\デスクトップ\asasas\main.cpp(1622,61): warning C4244: '=': 'float' から 'int' への変換です。データが失われる可能性があります。
C:\Users\luri_\OneDrive\デスクトップ\asasas\main.cpp(1623,61): warning C4244: '=': 'float' から 'int' への変換です。データが失われる可能性があります。
C:\Users\luri_\OneDrive\デスクトップ\asasas\main.cpp(1625,64): warning C4244: '=': 'float' から 'int' への変換です。データが失われる可能性があります。
C:\Users\luri_\OneDrive\デスクトップ\asasas\main.cpp(1626,64): warning C4244: '=': 'float' から 'int' への変換です。データが失われる可能性があります。
C:\Users\luri_\OneDrive\デスクトップ\asasas\main.cpp(1628,60): warning C4244: '=': 'float' から 'int' への変換です。データが失われる可能性があります。
C:\Users\luri_\OneDrive\デスクトップ\asasas\main.cpp(1629,60): warning C4244: '=': 'float' から 'int' への変換です。データが失われる可能性があります。
C:\Users\luri_\OneDrive\デスクトップ\asasas\main.cpp(1631,66): warning C4244: '=': 'float' から 'int' への変換です。データが失われる可能性があります。
C:\Users\luri_\OneDrive\デスクトップ\asasas\main.cpp(1632,66): warning C4244: '=': 'float' から 'int' への変換です。データが失われる可能性があります。
C:\Users\luri_\OneDrive\デスクトップ\asasas\main.cpp(1635,63): warning C4244: '=': 'float' から 'int' への変換です。データが失われる可能性があります。
C:\Users\luri_\OneDrive\デスクトップ\asasas\main.cpp(1636,59): warning C4244: '=': 'float' から 'int' への変換です。データが失われる可能性があります。
C:\Users\luri_\OneDrive\デスクトップ\asasas\main.cpp(1638,66): warning C4244: '=': 'float' から 'int' への変換です。データが失われる可能性があります。
C:\Users\luri_\OneDrive\デスクトップ\asasas\main.cpp(1639,66): warning C4244: '=': 'float' から 'int' への変換です。データが失われる可能性があります。
C:\Users\luri_\OneDrive\デスクトップ\asasas\main.cpp(1641,58): warning C4244: '=': 'float' から 'int' への変換です。データが失われる可能性があります。
C:\Users\luri_\OneDrive\デスクトップ\asasas\main.cpp(1642,58): warning C4244: '=': 'float' から 'int' への変換です。データが失われる可能性があります。
C:\Users\luri_\OneDrive\デスクトップ\asasas\main.cpp(1644,61): warning C4244: '=': 'float' から 'int' への変換です。データが失われる可能性があります。
C:\Users\luri_\OneDrive\デスクトップ\asasas\main.cpp(1645,65): warning C4244: '=': 'float' から 'int' への変換です。データが失われる可能性があります。
C:\Users\luri_\OneDrive\デスクトップ\asasas\main.cpp(1748,56): warning C4244: '引数': 'float' から 'int' への変換です。データが失われる可能性があります。
C:\Users\luri_\OneDrive\デスクトップ\asasas\main.cpp(1748,32): warning C4244: '引数': 'float' から 'int' への変換です。データが失われる可能性があります。
C:\Users\luri_\OneDrive\デスクトップ\asasas\main.cpp(1749,61): warning C4244: '引数': 'float' から 'int' への変換です。データが失われる可能性があります。
C:\Users\luri_\OneDrive\デスクトップ\asasas\main.cpp(1749,36): warning C4244: '引数': 'float' から 'int' への変換です。データが失われる可能性があります。
C:\Users\luri_\OneDrive\デスクトップ\asasas\main.cpp(1750,61): warning C4244: '引数': 'float' から 'int' への変換です。データが失われる可能性があります。
C:\Users\luri_\OneDrive\デスクトップ\asasas\main.cpp(1750,36): warning C4244: '引数': 'float' から 'int' への変換です。データが失われる可能性があります。
C:\Users\luri_\OneDrive\デスクトップ\asasas\main.cpp(1754,62): warning C4244: '引数': 'float' から 'int' への変換です。データが失われる可能性があります。
C:\Users\luri_\OneDrive\デスクトップ\asasas\main.cpp(1754,37): warning C4244: '引数': 'float' から 'int' への変換です。データが失われる可能性があります。
C:\Users\luri_\OneDrive\デスクトップ\asasas\main.cpp(1759,62): warning C4244: '引数': 'float' から 'int' への変換です。データが失われる可能性があります。
C:\Users\luri_\OneDrive\デスクトップ\asasas\main.cpp(1759,37): warning C4244: '引数': 'float' から 'int' への変換です。データが失われる可能性があります。
C:\Users\luri_\OneDrive\デスクトップ\asasas\main.cpp(1763,57): warning C4244: '引数': 'float' から 'int' への変換です。データが失われる可能性があります。
C:\Users\luri_\OneDrive\デスクトップ\asasas\main.cpp(1763,33): warning C4244: '引数': 'float' から 'int' への変換です。データが失われる可能性があります。
C:\Users\luri_\OneDrive\デスクトップ\asasas\main.cpp(1803,76): warning C4244: '引数': 'float' から 'int' への変換です。データが失われる可能性があります。
C:\Users\luri_\OneDrive\デスクトップ\asasas\main.cpp(1803,34): warning C4244: '引数': 'float' から 'int' への変換です。データが失われる可能性があります。
C:\Users\luri_\OneDrive\デスクトップ\asasas\main.cpp(1807,76): warning C4244: '引数': 'float' から 'int' への変換です。データが失われる可能性があります。
C:\Users\luri_\OneDrive\デスクトップ\asasas\main.cpp(1807,34): warning C4244: '引数': 'float' から 'int' への変換です。データが失われる可能性があります。
C:\Users\luri_\OneDrive\デスクトップ\asasas\main.cpp(1811,76): warning C4244: '引数': 'float' から 'int' への変換です。データが失われる可能性があります。
C:\Users\luri_\OneDrive\デスクトップ\asasas\main.cpp(1811,34): warning C4244: '引数': 'float' から 'int' への変換です。データが失われる可能性があります。
C:\Users\luri_\OneDrive\デスクトップ\asasas\main.cpp(1815,76): warning C4244: '引数': 'float' から 'int' への変換です。データが失われる可能性があります。
C:\Users\luri_\OneDrive\デスクトップ\asasas\main.cpp(1815,34): warning C4244: '引数': 'float' から 'int' への変換です。データが失われる可能性があります。
C:\Users\luri_\OneDrive\デスクトップ\asasas\main.cpp(1824,76): warning C4244: '引数': 'float' から 'int' への変換です。データが失われる可能性があります。
C:\Users\luri_\OneDrive\デスクトップ\asasas\main.cpp(1824,34): warning C4244: '引数': 'float' から 'int' への変換です。データが失われる可能性があります。
C:\Users\luri_\OneDrive\デスクトップ\asasas\main.cpp(1828,76): warning C4244: '引数': 'float' から 'int' への変換です。データが失われる可能性があります。
C:\Users\luri_\OneDrive\デスクトップ\asasas\main.cpp(1828,34): warning C4244: '引数': 'float' から 'int' への変換です。データが失われる可能性があります。
C:\Users\luri_\OneDrive\デスクトップ\asasas\main.cpp(1832,76): warning C4244: '引数': 'float' から 'int' への変換です。データが失われる可能性があります。
C:\Users\luri_\OneDrive\デスクトップ\asasas\main.cpp(1832,34): warning C4244: '引数': 'float' から 'int' への変換です。データが失われる可能性があります。
C:\Users\luri_\OneDrive\デスクトップ\asasas\main.cpp(1836,76): warning C4244: '引数': 'float' から 'int' への変換です。データが失われる可能性があります。
C:\Users\luri_\OneDrive\デスクトップ\asasas\main.cpp(1836,34): warning C4244: '引数': 'float' から 'int' への変換です。データが失われる可能性があります。
C:\Users\luri_\OneDrive\デスクトップ\asasas\main.cpp(1840,76): warning C4244: '引数': 'float' から 'int' への変換です。データが失われる可能性があります。
C:\Users\luri_\OneDrive\デスクトップ\asasas\main.cpp(1840,34): warning C4244: '引数': 'float' から 'int' への変換です。データが失われる可能性があります。
C:\Users\luri_\OneDrive\デスクトップ\asasas\main.cpp(1844,76): warning C4244: '引数': 'float' から 'int' への変換です。データが失われる可能性があります。
C:\Users\luri_\OneDrive\デスクトップ\asasas\main.cpp(1844,34): warning C4244: '引数': 'float' から 'int' への変換です。データが失われる可能性があります。
C:\Users\luri_\OneDrive\デスクトップ\asasas\main.cpp(1855,81): warning C4244: '引数': 'float' から 'int' への変換です。データが失われる可能性があります。
C:\Users\luri_\OneDrive\デスクトップ\asasas\main.cpp(1855,39): warning C4244: '引数': 'float' から 'int' への変換です。データが失われる可能性があります。
C:\Users\luri_\OneDrive\デスクトップ\asasas\main.cpp(1859,81): warning C4244: '引数': 'float' から 'int' への変換です。データが失われる可能性があります。
C:\Users\luri_\OneDrive\デスクトップ\asasas\main.cpp(1859,39): warning C4244: '引数': 'float' から 'int' への変換です。データが失われる可能性があります。
C:\Users\luri_\OneDrive\デスクトップ\asasas\main.cpp(1863,81): warning C4244: '引数': 'float' から 'int' への変換です。データが失われる可能性があります。
C:\Users\luri_\OneDrive\デスクトップ\asasas\main.cpp(1863,39): warning C4244: '引数': 'float' から 'int' への変換です。データが失われる可能性があります。
C:\Users\luri_\OneDrive\デスクトップ\asasas\main.cpp(1867,81): warning C4244: '引数': 'float' から 'int' への変換です。データが失われる可能性があります。
C:\Users\luri_\OneDrive\デスクトップ\asasas\main.cpp(1867,39): warning C4244: '引数': 'float' から 'int' への変換です。データが失われる可能性があります。
C:\Users\luri_\OneDrive\デスクトップ\asasas\main.cpp(1871,81): warning C4244: '引数': 'float' から 'int' への変換です。データが失われる可能性があります。
C:\Users\luri_\OneDrive\デスクトップ\asasas\main.cpp(1871,39): warning C4244: '引数': 'float' から 'int' への変換です。データが失われる可能性があります。
C:\Users\luri_\OneDrive\デスクトップ\asasas\main.cpp(1875,81): warning C4244: '引数': 'float' から 'int' への変換です。データが失われる可能性があります。
C:\Users\luri_\OneDrive\デスクトップ\asasas\main.cpp(1875,39): warning C4244: '引数': 'float' から 'int' への変換です。データが失われる可能性があります。
C:\Users\luri_\OneDrive\デスクトップ\asasas\main.cpp(1880,76): warning C4244: '引数': 'float' から 'int' への変換です。データが失われる可能性があります。
C:\Users\luri_\OneDrive\デスクトップ\asasas\main.cpp(1880,34): warning C4244: '引数': 'float' から 'int' への変換です。データが失われる可能性があります。
C:\Users\luri_\OneDrive\デスクトップ\asasas\main.cpp(1885,56): warning C4244: '引数': 'float' から 'int' への変換です。データが失われる可能性があります。
C:\Users\luri_\OneDrive\デスクトップ\asasas\main.cpp(1885,32): warning C4244: '引数': 'float' から 'int' への変換です。データが失われる可能性があります。
C:\Users\luri_\OneDrive\デスクトップ\asasas\main.cpp(1886,61): warning C4244: '引数': 'float' から 'int' への変換です。データが失われる可能性があります。
C:\Users\luri_\OneDrive\デスクトップ\asasas\main.cpp(1886,36): warning C4244: '引数': 'float' から 'int' への変換です。データが失われる可能性があります。
C:\Users\luri_\OneDrive\デスクトップ\asasas\main.cpp(1889,62): warning C4244: '引数': 'float' から 'int' への変換です。データが失われる可能性があります。
C:\Users\luri_\OneDrive\デスクトップ\asasas\main.cpp(1889,37): warning C4244: '引数': 'float' から 'int' への変換です。データが失われる可能性があります。
C:\Users\luri_\OneDrive\デスクトップ\asasas\main.cpp(1893,57): warning C4244: '引数': 'float' から 'int' への変換です。データが失われる可能性があります。
C:\Users\luri_\OneDrive\デスクトップ\asasas\main.cpp(1893,33): warning C4244: '引数': 'float' から 'int' への変換です。データが失われる可能性があります。
C:\Users\luri_\OneDrive\デスクトップ\asasas\main.cpp(1903,76): warning C4244: '引数': 'float' から 'int' への変換です。データが失われる可能性があります。
C:\Users\luri_\OneDrive\デスクトップ\asasas\main.cpp(1903,34): warning C4244: '引数': 'float' から 'int' への変換です。データが失われる可能性があります。
C:\Users\luri_\OneDrive\デスクトップ\asasas\main.cpp(1907,76): warning C4244: '引数': 'float' から 'int' への変換です。データが失われる可能性があります。
C:\Users\luri_\OneDrive\デスクトップ\asasas\main.cpp(1907,34): warning C4244: '引数': 'float' から 'int' への変換です。データが失われる可能性があります。
C:\Users\luri_\OneDrive\デスクトップ\asasas\main.cpp(1922,78): warning C4244: '引数': 'float' から 'int' への変換です。データが失われる可能性があります。
C:\Users\luri_\OneDrive\デスクトップ\asasas\main.cpp(1922,38): warning C4244: '引数': 'float' から 'int' への変換です。データが失われる可能性があります。
C:\Users\luri_\OneDrive\デスクトップ\asasas\main.cpp(1926,78): warning C4244: '引数': 'float' から 'int' への変換です。データが失われる可能性があります。
C:\Users\luri_\OneDrive\デスクトップ\asasas\main.cpp(1926,38): warning C4244: '引数': 'float' から 'int' への変換です。データが失われる可能性があります。
C:\Users\luri_\OneDrive\デスクトップ\asasas\main.cpp(1930,78): warning C4244: '引数': 'float' から 'int' への変換です。データが失われる可能性があります。
C:\Users\luri_\OneDrive\デスクトップ\asasas\main.cpp(1930,38): warning C4244: '引数': 'float' から 'int' への変換です。データが失われる可能性があります。
C:\Users\luri_\OneDrive\デスクトップ\asasas\main.cpp(1934,78): warning C4244: '引数': 'float' から 'int' への変換です。データが失われる可能性があります。
C:\Users\luri_\OneDrive\デスクトップ\asasas\main.cpp(1934,38): warning C4244: '引数': 'float' から 'int' への変換です。データが失われる可能性があります。
C:\Users\luri_\OneDrive\デスクトップ\asasas\main.cpp(1943,78): warning C4244: '引数': 'float' から 'int' への変換です。データが失われる可能性があります。
C:\Users\luri_\OneDrive\デスクトップ\asasas\main.cpp(1943,38): warning C4244: '引数': 'float' から 'int' への変換です。データが失われる可能性があります。
C:\Users\luri_\OneDrive\デスクトップ\asasas\main.cpp(1947,78): warning C4244: '引数': 'float' から 'int' への変換です。データが失われる可能性があります。
C:\Users\luri_\OneDrive\デスクトップ\asasas\main.cpp(1947,38): warning C4244: '引数': 'float' から 'int' への変換です。データが失われる可能性があります。
C:\Users\luri_\OneDrive\デスクトップ\asasas\main.cpp(1951,78): warning C4244: '引数': 'float' から 'int' への変換です。データが失われる可能性があります。
C:\Users\luri_\OneDrive\デスクトップ\asasas\main.cpp(1951,38): warning C4244: '引数': 'float' から 'int' への変換です。データが失われる可能性があります。
C:\Users\luri_\OneDrive\デスクトップ\asasas\main.cpp(1955,78): warning C4244: '引数': 'float' から 'int' への変換です。データが失われる可能性があります。
C:\Users\luri_\OneDrive\デスクトップ\asasas\main.cpp(1955,38): warning C4244: '引数': 'float' から 'int' への変換です。データが失われる可能性があります。
C:\Users\luri_\OneDrive\デスクトップ\asasas\main.cpp(1959,78): warning C4244: '引数': 'float' から 'int' への変換です。データが失われる可能性があります。
C:\Users\luri_\OneDrive\デスクトップ\asasas\main.cpp(1959,38): warning C4244: '引数': 'float' から 'int' への変換です。データが失われる可能性があります。
C:\Users\luri_\OneDrive\デスクトップ\asasas\main.cpp(1963,78): warning C4244: '引数': 'float' から 'int' への変換です。データが失われる可能性があります。
C:\Users\luri_\OneDrive\デスクトップ\asasas\main.cpp(1963,38): warning C4244: '引数': 'float' から 'int' への変換です。データが失われる可能性があります。
C:\Users\luri_\OneDrive\デスクトップ\asasas\main.cpp(1967,55): warning C4244: '引数': 'float' から 'int' への変換です。データが失われる可能性があります。
C:\Users\luri_\OneDrive\デスクトップ\asasas\main.cpp(1967,29): warning C4244: '引数': 'float' から 'int' への変換です。データが失われる可能性があります。
C:\Users\luri_\OneDrive\デスクトップ\asasas\main.cpp(1970,56): warning C4244: '引数': 'float' から 'int' への変換です。データが失われる可能性があります。
C:\Users\luri_\OneDrive\デスクトップ\asasas\main.cpp(1970,30): warning C4244: '引数': 'float' から 'int' への変換です。データが失われる可能性があります。
C:\Users\luri_\OneDrive\デスクトップ\asasas\main.cpp(1981,77): warning C4244: '引数': 'float' から 'int' への変換です。データが失われる可能性があります。
C:\Users\luri_\OneDrive\デスクトップ\asasas\main.cpp(1981,37): warning C4244: '引数': 'float' から 'int' への変換です。データが失われる可能性があります。
C:\Users\luri_\OneDrive\デスクトップ\asasas\main.cpp(1985,77): warning C4244: '引数': 'float' から 'int' への変換です。データが失われる可能性があります。
C:\Users\luri_\OneDrive\デスクトップ\asasas\main.cpp(1985,37): warning C4244: '引数': 'float' から 'int' への変換です。データが失われる可能性があります。
  コード生成しています。
  2 of 15 functions (13.3%) were compiled, the rest were copied from previous compilation.
    0 functions were new in current compilation
    0 functions had inline decision re-evaluated but remain unchanged
  コード生成が終了しました。
  team_game_alpha.vcxproj -> C:\Users\luri_\OneDrive\デスクトップ\asasas\Release\team_game_alpha.exe
