  main.cpp
C:\Users\luri_\OneDrive\デスクトップ\矩形の当たり判定\main.cpp(187,17): warning C4244: '=': 'int' から 'float' への変換です。データが失われる可能性があります。
C:\Users\luri_\OneDrive\デスクトップ\矩形の当たり判定\main.cpp(188,17): warning C4244: '=': 'int' から 'float' への変換です。データが失われる可能性があります。
C:\Users\luri_\OneDrive\デスクトップ\矩形の当たり判定\main.cpp(240,20): warning C4244: '引数': 'float' から 'int' への変換です。データが失われる可能性があります。
C:\Users\luri_\OneDrive\デスクトップ\矩形の当たり判定\main.cpp(241,26): warning C4244: '引数': 'float' から 'int' への変換です。データが失われる可能性があります。
C:\Users\luri_\OneDrive\デスクトップ\矩形の当たり判定\main.cpp(242,27): warning C4244: '引数': 'float' から 'int' への変換です。データが失われる可能性があります。
C:\Users\luri_\OneDrive\デスクトップ\矩形の当たり判定\main.cpp(248,90): warning C4244: '引数': 'float' から 'int' への変換です。データが失われる可能性があります。
C:\Users\luri_\OneDrive\デスクトップ\矩形の当たり判定\main.cpp(248,70): warning C4244: '引数': 'float' から 'int' への変換です。データが失われる可能性があります。
C:\Users\luri_\OneDrive\デスクトップ\矩形の当たり判定\main.cpp(248,50): warning C4244: '引数': 'float' から 'int' への変換です。データが失われる可能性があります。
C:\Users\luri_\OneDrive\デスクトップ\矩形の当たり判定\main.cpp(248,31): warning C4244: '引数': 'float' から 'int' への変換です。データが失われる可能性があります。
C:\Users\luri_\OneDrive\デスクトップ\矩形の当たり判定\main.cpp(254,90): warning C4244: '引数': 'float' から 'int' への変換です。データが失われる可能性があります。
C:\Users\luri_\OneDrive\デスクトップ\矩形の当たり判定\main.cpp(254,70): warning C4244: '引数': 'float' から 'int' への変換です。データが失われる可能性があります。
C:\Users\luri_\OneDrive\デスクトップ\矩形の当たり判定\main.cpp(254,50): warning C4244: '引数': 'float' から 'int' への変換です。データが失われる可能性があります。
C:\Users\luri_\OneDrive\デスクトップ\矩形の当たり判定\main.cpp(254,31): warning C4244: '引数': 'float' から 'int' への変換です。データが失われる可能性があります。
  コード生成しています。
  1 of 1 functions (100.0%) were compiled.
    0 functions were new in current compilation
    0 functions had inline decision re-evaluated but remain unchanged
  コード生成が終了しました。
  矩形の当たり判定.vcxproj -> C:\Users\luri_\OneDrive\デスクトップ\矩形の当たり判定\Release\矩形の当たり判定.exe
